TN:
SF:server\config.js
FNF:0
FNH:0
DA:3,3
DA:4,3
DA:5,3
DA:6,3
LF:4
LH:4
BRDA:9,0,0,3
BRDA:9,0,1,3
BRF:2
BRH:2
end_of_record
TN:
SF:server\controller.js
FN:4,(anonymous_0)
FN:8,(anonymous_1)
FNF:2
FNH:2
FNDA:3,(anonymous_0)
FNDA:1,(anonymous_1)
DA:5,3
DA:9,1
LF:2
LH:2
BRF:0
BRH:0
end_of_record
TN:
SF:server\routes.js
FN:17,routes
FN:69,handleError
FN:81,handler
FN:83,(anonymous_3)
FNF:4
FNH:4
FNDA:8,routes
FNDA:2,handleError
FNDA:8,handler
FNDA:2,(anonymous_3)
DA:14,2
DA:15,2
DA:18,8
DA:20,8
DA:21,1
DA:25,1
DA:28,7
DA:31,1
DA:38,1
DA:41,6
DA:44,1
DA:46,1
DA:50,5
DA:54,4
DA:55,2
DA:56,2
DA:57,1
DA:62,2
DA:65,1
DA:66,1
DA:70,2
DA:71,1
DA:72,1
DA:73,1
DA:76,1
DA:77,1
DA:78,1
DA:82,8
DA:83,2
LF:29
LH:29
BRDA:20,0,0,1
BRDA:20,0,1,7
BRDA:20,1,0,8
BRDA:20,1,1,7
BRDA:28,2,0,1
BRDA:28,2,1,6
BRDA:28,3,0,7
BRDA:28,3,1,6
BRDA:41,4,0,1
BRDA:41,4,1,5
BRDA:41,5,0,6
BRDA:41,5,1,5
BRDA:50,6,0,4
BRDA:50,6,1,1
BRDA:56,7,0,1
BRDA:56,7,1,1
BRDA:70,8,0,1
BRDA:70,8,1,1
BRF:18
BRH:18
end_of_record
TN:
SF:server\service.js
FN:12,(anonymous_0)
FN:16,(anonymous_1)
FN:29,(anonymous_2)
FNF:3
FNH:3
FNDA:1,(anonymous_0)
FNDA:1,(anonymous_1)
FNDA:1,(anonymous_2)
DA:9,3
DA:13,1
DA:18,1
DA:21,1
DA:22,1
DA:23,1
DA:33,1
DA:35,1
LF:8
LH:8
BRF:0
BRH:0
end_of_record
TN:
SF:server\util.js
FNF:0
FNH:0
DA:3,2
DA:13,2
LF:2
LH:2
BRF:0
BRH:0
end_of_record
